mode: set
event/delivery/controllers/event/EventController.go:22.97,27.2 1 1
event/delivery/controllers/event/EventController.go:29.53,30.38 1 1
event/delivery/controllers/event/EventController.go:30.38,34.44 3 1
event/delivery/controllers/event/EventController.go:38.3,38.52 1 1
event/delivery/controllers/event/EventController.go:42.3,46.17 4 1
event/delivery/controllers/event/EventController.go:50.3,52.17 2 1
event/delivery/controllers/event/EventController.go:56.3,70.97 3 1
event/delivery/controllers/event/EventController.go:34.44,36.4 1 1
event/delivery/controllers/event/EventController.go:38.52,40.4 1 1
event/delivery/controllers/event/EventController.go:46.17,48.4 1 1
event/delivery/controllers/event/EventController.go:52.17,54.4 1 1
event/delivery/controllers/event/EventController.go:74.53,75.38 1 1
event/delivery/controllers/event/EventController.go:75.38,83.24 6 1
event/delivery/controllers/event/EventController.go:87.3,87.96 1 1
event/delivery/controllers/event/EventController.go:83.24,85.4 1 1
event/delivery/controllers/event/EventController.go:91.50,92.38 1 1
event/delivery/controllers/event/EventController.go:92.38,96.17 3 1
event/delivery/controllers/event/EventController.go:100.3,100.89 1 1
event/delivery/controllers/event/EventController.go:96.17,98.4 1 1
event/delivery/controllers/event/EventController.go:104.53,105.38 1 1
event/delivery/controllers/event/EventController.go:105.38,110.44 4 1
event/delivery/controllers/event/EventController.go:114.3,117.55 4 1
event/delivery/controllers/event/EventController.go:136.3,148.17 3 1
event/delivery/controllers/event/EventController.go:156.3,156.90 1 1
event/delivery/controllers/event/EventController.go:110.44,112.4 1 1
event/delivery/controllers/event/EventController.go:117.55,122.18 3 1
event/delivery/controllers/event/EventController.go:126.4,128.18 2 1
event/delivery/controllers/event/EventController.go:132.4,133.27 2 0
event/delivery/controllers/event/EventController.go:122.18,124.5 1 1
event/delivery/controllers/event/EventController.go:128.18,130.5 1 1
event/delivery/controllers/event/EventController.go:148.17,149.33 1 1
event/delivery/controllers/event/EventController.go:149.33,151.5 1 1
event/delivery/controllers/event/EventController.go:151.10,153.5 1 1
event/delivery/controllers/event/EventController.go:160.53,161.38 1 1
event/delivery/controllers/event/EventController.go:161.38,166.17 4 1
event/delivery/controllers/event/EventController.go:170.3,170.89 1 1
event/delivery/controllers/event/EventController.go:166.17,168.4 1 1
